Running: C:\Xilinx\14.7\ISE_DS\ISE\bin\nt64\unwrapped\fuse.exe -intstyle ise -incremental -lib unisims_ver -lib unimacro_ver -lib xilinxcorelib_ver -lib secureip -o D:/Onedrive/Fall 2017/CECS 440/Labs/Lab 3/Lab3_Integer DataPath_1/TB_Integer_DataPath_isim_beh.exe -prj D:/Onedrive/Fall 2017/CECS 440/Labs/Lab 3/Lab3_Integer DataPath_1/TB_Integer_DataPath_beh.prj work.TB_Integer_DataPath work.glbl 
ISim P.20131013 (signature 0x7708f090)
Number of CPUs detected in this system: 4
Turning on mult-threading, number of parallel sub-compilation jobs: 8 
Determining compilation order of HDL files
Analyzing Verilog file "D:/Onedrive/Fall 2017/CECS 440/Labs/Lab 3/Lab3_Integer DataPath_1/MPY_32.v" into library work
Analyzing Verilog file "D:/Onedrive/Fall 2017/CECS 440/Labs/Lab 3/Lab3_Integer DataPath_1/MIPS_32.v" into library work
Analyzing Verilog file "D:/Onedrive/Fall 2017/CECS 440/Labs/Lab 3/Lab3_Integer DataPath_1/DIV_32.v" into library work
Analyzing Verilog file "D:/Onedrive/Fall 2017/CECS 440/Labs/Lab 3/Lab3_Integer DataPath_1/RegFile32.v" into library work
Analyzing Verilog file "D:/Onedrive/Fall 2017/CECS 440/Labs/Lab 3/Lab3_Integer DataPath_1/ALU_32.v" into library work
Analyzing Verilog file "D:/Onedrive/Fall 2017/CECS 440/Labs/Lab 3/Lab3_Integer DataPath_1/Interger_DataPath.v" into library work
Analyzing Verilog file "D:/Onedrive/Fall 2017/CECS 440/Labs/Lab 3/Lab3_Integer DataPath_1/TB_Integer_DataPath.v" into library work
Analyzing Verilog file "C:/Xilinx/14.7/ISE_DS/ISE//verilog/src/glbl.v" into library work
Starting static elaboration
Completed static elaboration
Compiling module RegFile32
Compiling module MPY_32
Compiling module DIV_32
Compiling module MIPS_32
Compiling module ALU_32
Compiling module Interger_DataPath
Compiling module TB_Integer_DataPath
Compiling module glbl
Time Resolution for simulation is 1ps.
Waiting for 1 sub-compilation(s) to finish...
Compiled 8 Verilog Units
Built simulation executable D:/Onedrive/Fall 2017/CECS 440/Labs/Lab 3/Lab3_Integer DataPath_1/TB_Integer_DataPath_isim_beh.exe
Fuse Memory Usage: 28452 KB
Fuse CPU Usage: 562 ms
