Command line:
   Interger_DataPath_2_isim_beh.exe
     -simmode  gui
     -simrunnum  1
     -socket  52599

Mon Oct 16 19:37:14 2017


 Elaboration Time: 0.03125 sec

 Current Memory Usage: 1003.59 Meg

 Total Signals          : 72
 Total Nets             : 634
 Total Signal Drivers   : 32
 Total Blocks           : 7
 Total Primitive Blocks : 5
 Total Processes        : 41
 Total Traceable Variables  : 81
 Total Scalar Nets and Variables : 2548
Total Line Count : 117

 Total Simulation Time: 0.078125 sec

 Current Memory Usage: 1003.59 Meg

Mon Oct 16 19:37:21 2017

