Command line:
   Instruction_Unit_TB_isim_beh.exe
     -simmode  gui
     -simrunnum  0
     -socket  55253

Mon Oct 16 23:50:12 2017


 Elaboration Time: 0.078125 sec

 Current Memory Usage: 1007.86 Meg

 Total Signals          : 122
 Total Nets             : 764
 Total Signal Drivers   : 60
 Total Blocks           : 14
 Total Primitive Blocks : 10
 Total Processes        : 75
 Total Traceable Variables  : 112
 Total Scalar Nets and Variables : 68501
Total Line Count : 427

 Total Simulation Time: 0.09375 sec

 Current Memory Usage: 1007.86 Meg

Mon Oct 16 23:50:19 2017

