Command line:
   TB_Integer_Datapath_2_isim_beh.exe
     -simmode  gui
     -simrunnum  0
     -socket  54942

Mon Oct 16 23:22:38 2017


 Elaboration Time: 0.015625 sec

 Current Memory Usage: 1003.63 Meg

 Total Signals          : 87
 Total Nets             : 670
 Total Signal Drivers   : 51
 Total Blocks           : 10
 Total Primitive Blocks : 7
 Total Processes        : 63
 Total Traceable Variables  : 103
 Total Scalar Nets and Variables : 35546
Total Line Count : 265

 Total Simulation Time: 0.078125 sec

 Current Memory Usage: 1318.21 Meg

Mon Oct 16 23:23:23 2017

